--------------------------------------------------
[ U-01 ] root 계정 원격 접속 제한 (중요도: 상)
--------------------------------------------------
[ WARNING ] /etc/ssh/sshd_config에서 PermitRootLogin no 설정이 누락되었습니다.
--------------------------------------------------

--------------------------------------------------
[ U-02 ] 비밀번호 관리정책 설정 (중요도: 상)
--------------------------------------------------
[ WARNING ] PASS_MAX_DAYS가 90일보다 깁니다. (현재: 99999일)
[ WARNING ] PASS_MIN_DAYS가 1일보다 짧습니다. (현재: 0일)
[ WARNING ] pwquality.conf: minlen이 8자 미만입니다. (현재: 누락)
[ WARNING ] pwquality.conf: dcredit 설정이 부적절합니다. (-1 이하 권장, 현재: 누락)
[ WARNING ] pwquality.conf: ucredit 설정이 부적절합니다. (-1 이하 권장, 현재: 누락)
[ WARNING ] pwquality.conf: lcredit 설정이 부적절합니다. (-1 이하 권장, 현재: 누락)
[ WARNING ] pwquality.conf: ocredit 설정이 부적절합니다. (-1 이하 권장, 현재: 누락)
[ WARNING ] pwquality.conf: enforce_for_root 설정이 누락되었습니다.
[ WARNING ] system-auth: 필수 PAM 모듈(pwquality, pwhistory, unix) 중 일부가 누락되었습니다.
[ WARNING ] pwhistory.conf: remember 값이 4 미만입니다. (현재: 누락)
[ WARNING ] pwhistory.conf: enforce_for_root 설정이 누락되었습니다.

--------------------------------------------------
[ U-03 ] 계정 잠금 임계값 설정 (중요도: 상)
--------------------------------------------------
[ WARNING ] with-faillock 모듈이 누락되었습니다.
[ WARNING ] /etc/security/faillock.conf에서 silent 설정이 누락되었습니다.
[ WARNING ] /etc/security/faillock.conf에서 deny = 10 설정이 누락되었습니다.
[ WARNING ] /etc/security/faillock.conf에서 unlock_time = 120 설정이 누락되었습니다.

--------------------------------------------------
[ U-04 ] 비밀번호 파일 보호 (중요도: 상)
--------------------------------------------------
[ SAFE ] 점검 결과 : 안전

--------------------------------------------------
[ U-05 ] root 이외의 UID가 '0' 금지 (중요도: 상)
--------------------------------------------------
[ SAFE ] 점검 결과 : 안전

--------------------------------------------------
[ U-06 ] 사용자 계정 su 기능 제한 (중요도: 상)
--------------------------------------------------
[ WARNING ] /usr/bin/su 파일의 권한 및 소유자 설정이 누락되었습니다.

--------------------------------------------------
[ U-07 ] 불필요한 계정 제거 (중요도: 하)
--------------------------------------------------
[ SAFE ] 점검 결과 : 사용자 정의

--------------------------------------------------
[ U-08 ] 관리자 그룹에 최소한의 계정 포함 (중요도: 중)
--------------------------------------------------
[ SAFE ] 점검 결과 : 사용자 정의

--------------------------------------------------
[ U-09 ] 계정이 존재하지 않는 GID 금지 (중요도: 하)
--------------------------------------------------
[ SAFE ] 점검 결과 : 사용자 정의

--------------------------------------------------
[ U-10 ] 동일한 UID 금지 (중요도: 중)
--------------------------------------------------
[ SAFE ] 점검 결과 : 안전

--------------------------------------------------
[ U-11 ] 사용자 Shell 점검 (중요도: 하)
--------------------------------------------------
[ SAFE ] 점검 결과 : 안전

--------------------------------------------------
[ U-12 ] 세션 종료 시간 설정 (중요도: 하)
--------------------------------------------------
[ WARNING ] /etc/profile에서 TMOUT 설정 또는 export가 누락되었습니다.

--------------------------------------------------
[ U-13 ] 안전한 비밀번호 암호화 알고리즘 사용 (중요도: 중)
--------------------------------------------------
[ SAFE ] 점검 결과 : 안전
