--------------------------------------------------
[ U-14 ] root 홈 및 PATH 디렉터리 권한·환경변수 설정 (중요도: 상)
--------------------------------------------------
[ SAFE ] 점검 결과 : 안전

--------------------------------------------------
[ U-15 ] 파일 및 디렉터리 소유자 설정
--------------------------------------------------
[ SAFE ] 점검 결과 : 안전

--------------------------------------------------
[ U-16 ] /etc/passwd 파일 소유자 및 권한 설정 (중요도: 상)
--------------------------------------------------
[ SAFE ] 점검 결과 : 안전

--------------------------------------------------
[ U-17 ] 시스템 시작 스크립트 권한 설정 (중요도: 상)
--------------------------------------------------
[ SAFE ] 점검 결과 : 안전

--------------------------------------------------
[ U-18 ] /etc/shadow 파일 소유자 및 권한 설정 (중요도: 상)
--------------------------------------------------
[ SAFE ] 점검 결과 : 안전

--------------------------------------------------
[ U-19 ] /etc/hosts 파일 소유자 및 권한 설정 (중요도: 상)
--------------------------------------------------
[ SAFE ] 점검 결과 : 안전

--------------------------------------------------
[ U-20 ] /etc/(x)inetd.conf 파일 소유자 및 권한 설정 (중요도: 상)
--------------------------------------------------
[ WARNING ] /etc/systemd/journald.conf의 소유자 및 권한이 잘못되었습니다.
[ WARNING ] /etc/systemd/logind.conf의 소유자 및 권한이 잘못되었습니다.
[ WARNING ] /etc/systemd/system.conf의 소유자 및 권한이 잘못되었습니다.
[ WARNING ] /etc/systemd/user.conf의 소유자 및 권한이 잘못되었습니다.
[ WARNING ] /etc/systemd/coredump.conf의 소유자 및 권한이 잘못되었습니다.
[ WARNING ] /etc/systemd/pstore.conf의 소유자 및 권한이 잘못되었습니다.
[ WARNING ] /etc/systemd/sleep.conf의 소유자 및 권한이 잘못되었습니다.

--------------------------------------------------
[ U-21 ] /etc/(r)syslog.conf 파일 소유자 및 권한 설정 (중요도: 상)
--------------------------------------------------
[ WARNING ] /etc/rsyslog.conf의 소유자 및 권한이 잘못되었습니다.

--------------------------------------------------
[ U-22 ] /etc/services 파일 소유자 및 권한 설정 (중요도: 상)
--------------------------------------------------
[ SAFE ] 점검 결과 : 안전

--------------------------------------------------
[ U-23 ] SUID, SGID, Sticky Bit 설정 파일 점검 (중요도: 상)
--------------------------------------------------
[ WARNING ] /usr/bin/chage에 특수권한이 설정되어 있습니다.
[ WARNING ] /usr/bin/gpasswd에 특수권한이 설정되어 있습니다.
[ WARNING ] /usr/bin/newgrp에 특수권한이 설정되어 있습니다.
[ WARNING ] /usr/bin/fusermount3에 특수권한이 설정되어 있습니다.
[ WARNING ] /usr/bin/mount에 특수권한이 설정되어 있습니다.
[ WARNING ] /usr/bin/umount에 특수권한이 설정되어 있습니다.
[ WARNING ] /usr/bin/crontab에 특수권한이 설정되어 있습니다.
[ WARNING ] /usr/bin/sudo에 특수권한이 설정되어 있습니다.
[ WARNING ] /usr/bin/su에 특수권한이 설정되어 있습니다.
[ WARNING ] /usr/bin/write에 특수권한이 설정되어 있습니다.
[ WARNING ] /usr/bin/pkexec에 특수권한이 설정되어 있습니다.
[ WARNING ] /usr/bin/locate에 특수권한이 설정되어 있습니다.
[ WARNING ] /usr/bin/passwd에 특수권한이 설정되어 있습니다.
[ WARNING ] /usr/bin/chfn에 특수권한이 설정되어 있습니다.
[ WARNING ] /usr/bin/chsh에 특수권한이 설정되어 있습니다.
[ WARNING ] /usr/bin/at에 특수권한이 설정되어 있습니다.
[ WARNING ] /usr/sbin/grub2-set-bootflag에 특수권한이 설정되어 있습니다.
[ WARNING ] /usr/sbin/pam_timestamp_check에 특수권한이 설정되어 있습니다.
[ WARNING ] /usr/sbin/unix_chkpwd에 특수권한이 설정되어 있습니다.
[ WARNING ] /usr/lib/polkit-1/polkit-agent-helper-1에 특수권한이 설정되어 있습니다.
[ WARNING ] /usr/libexec/utempter/utempter에 특수권한이 설정되어 있습니다.
[ WARNING ] /usr/libexec/openssh/ssh-keysign에 특수권한이 설정되어 있습니다.
[ WARNING ] /usr/libexec/sssd/krb5_child에 특수권한이 설정되어 있습니다.
[ WARNING ] /usr/libexec/sssd/ldap_child에 특수권한이 설정되어 있습니다.
[ WARNING ] /usr/libexec/sssd/proxy_child에 특수권한이 설정되어 있습니다.
[ WARNING ] /usr/libexec/sssd/selinux_child에 특수권한이 설정되어 있습니다.

--------------------------------------------------
[ U-24 ] 사용자 및 시스템 환경변수 파일 소유자·권한 설정 (중요도: 상)
--------------------------------------------------
[ SAFE ] 점검 결과 : 안전

--------------------------------------------------
[ U-25 ] World Writable 파일 점검 (중요도: 상)
--------------------------------------------------
[ WARNING ] /tmp/terraform_1179359829.sh에 World Writable 설정이 있습니다.
[ WARNING ] /tmp/terraform_1607531042.sh에 World Writable 설정이 있습니다.
[ WARNING ] /tmp/terraform_1257079253.sh에 World Writable 설정이 있습니다.
[ WARNING ] /tmp/terraform_1428106946.sh에 World Writable 설정이 있습니다.
[ WARNING ] /tmp/terraform_185448654.sh에 World Writable 설정이 있습니다.
[ WARNING ] /tmp/terraform_1766084611.sh에 World Writable 설정이 있습니다.
[ WARNING ] /tmp/terraform_467186115.sh에 World Writable 설정이 있습니다.
[ WARNING ] /tmp/terraform_2029281251.sh에 World Writable 설정이 있습니다.
[ WARNING ] /tmp/terraform_921816368.sh에 World Writable 설정이 있습니다.
[ WARNING ] /tmp/terraform_1956981538.sh에 World Writable 설정이 있습니다.
[ WARNING ] /tmp/terraform_443821369.sh에 World Writable 설정이 있습니다.
[ WARNING ] /tmp/terraform_61219498.sh에 World Writable 설정이 있습니다.
[ WARNING ] /tmp/terraform_657843561.sh에 World Writable 설정이 있습니다.
[ WARNING ] /tmp/terraform_1831925187.sh에 World Writable 설정이 있습니다.
[ WARNING ] /tmp/terraform_891145942.sh에 World Writable 설정이 있습니다.
[ WARNING ] /tmp/terraform_1272928060.sh에 World Writable 설정이 있습니다.
[ WARNING ] /tmp/terraform_2105866065.sh에 World Writable 설정이 있습니다.
[ WARNING ] /tmp/terraform_1631249425.sh에 World Writable 설정이 있습니다.
[ WARNING ] /tmp/terraform_381155290.sh에 World Writable 설정이 있습니다.
[ WARNING ] /tmp/terraform_1275614951.sh에 World Writable 설정이 있습니다.
[ WARNING ] /tmp/terraform_2049203091.sh에 World Writable 설정이 있습니다.
[ WARNING ] /tmp/terraform_1313605974.sh에 World Writable 설정이 있습니다.
[ WARNING ] /tmp/terraform_22305516.sh에 World Writable 설정이 있습니다.
[ WARNING ] /tmp/terraform_11793856.sh에 World Writable 설정이 있습니다.
[ WARNING ] /tmp/terraform_1970225638.sh에 World Writable 설정이 있습니다.
[ WARNING ] /tmp/terraform_202109410.sh에 World Writable 설정이 있습니다.
[ WARNING ] /tmp/terraform_1045952123.sh에 World Writable 설정이 있습니다.
[ WARNING ] /tmp/terraform_1958048308.sh에 World Writable 설정이 있습니다.
[ WARNING ] /tmp/terraform_1303394194.sh에 World Writable 설정이 있습니다.
[ WARNING ] /tmp/terraform_866611664.sh에 World Writable 설정이 있습니다.
[ WARNING ] /tmp/terraform_1499316624.sh에 World Writable 설정이 있습니다.
[ WARNING ] /tmp/terraform_587852815.sh에 World Writable 설정이 있습니다.
[ WARNING ] /tmp/terraform_983494932.sh에 World Writable 설정이 있습니다.
[ WARNING ] /tmp/terraform_199713690.sh에 World Writable 설정이 있습니다.
[ WARNING ] /tmp/terraform_998039824.sh에 World Writable 설정이 있습니다.
[ WARNING ] /tmp/terraform_1501605558.sh에 World Writable 설정이 있습니다.
[ WARNING ] /tmp/terraform_305797941.sh에 World Writable 설정이 있습니다.
[ WARNING ] /tmp/terraform_1899210290.sh에 World Writable 설정이 있습니다.
[ WARNING ] /tmp/terraform_1207362621.sh에 World Writable 설정이 있습니다.
[ WARNING ] /tmp/terraform_1839315209.sh에 World Writable 설정이 있습니다.
[ WARNING ] /tmp/terraform_162179146.sh에 World Writable 설정이 있습니다.
[ WARNING ] /tmp/terraform_1570775292.sh에 World Writable 설정이 있습니다.
[ WARNING ] /tmp/terraform_2123417078.sh에 World Writable 설정이 있습니다.
[ WARNING ] /tmp/terraform_990295921.sh에 World Writable 설정이 있습니다.
[ WARNING ] /tmp/terraform_1716788054.sh에 World Writable 설정이 있습니다.
[ WARNING ] /tmp/terraform_727213193.sh에 World Writable 설정이 있습니다.
[ WARNING ] /tmp/terraform_575952891.sh에 World Writable 설정이 있습니다.
[ WARNING ] /tmp/terraform_2028600059.sh에 World Writable 설정이 있습니다.
[ WARNING ] /tmp/terraform_1317892535.sh에 World Writable 설정이 있습니다.
[ WARNING ] /tmp/terraform_881799562.sh에 World Writable 설정이 있습니다.
[ WARNING ] /tmp/terraform_1790897160.sh에 World Writable 설정이 있습니다.
[ WARNING ] /tmp/terraform_325726051.sh에 World Writable 설정이 있습니다.
[ WARNING ] /tmp/terraform_1248154910.sh에 World Writable 설정이 있습니다.
[ WARNING ] /tmp/terraform_1533055648.sh에 World Writable 설정이 있습니다.
[ WARNING ] /tmp/terraform_1954167223.sh에 World Writable 설정이 있습니다.
[ WARNING ] /tmp/terraform_1720067852.sh에 World Writable 설정이 있습니다.
[ WARNING ] /tmp/terraform_1782658580.sh에 World Writable 설정이 있습니다.
[ WARNING ] /tmp/terraform_1297405971.sh에 World Writable 설정이 있습니다.
[ WARNING ] /tmp/terraform_610976311.sh에 World Writable 설정이 있습니다.
[ WARNING ] /tmp/terraform_1847244422.sh에 World Writable 설정이 있습니다.
[ WARNING ] /tmp/terraform_725685505.sh에 World Writable 설정이 있습니다.
[ WARNING ] /tmp/terraform_1626087504.sh에 World Writable 설정이 있습니다.
[ WARNING ] /tmp/terraform_324822031.sh에 World Writable 설정이 있습니다.
[ WARNING ] /tmp/terraform_1060862757.sh에 World Writable 설정이 있습니다.
[ WARNING ] /tmp/terraform_769866920.sh에 World Writable 설정이 있습니다.
[ WARNING ] /tmp/terraform_309330961.sh에 World Writable 설정이 있습니다.
[ WARNING ] /tmp/terraform_1326424247.sh에 World Writable 설정이 있습니다.
[ WARNING ] /tmp/terraform_641064437.sh에 World Writable 설정이 있습니다.
[ WARNING ] /tmp/terraform_1769512139.sh에 World Writable 설정이 있습니다.
[ WARNING ] /tmp/terraform_285463392.sh에 World Writable 설정이 있습니다.
[ WARNING ] /tmp/terraform_1697630021.sh에 World Writable 설정이 있습니다.
[ WARNING ] /tmp/terraform_2050057406.sh에 World Writable 설정이 있습니다.
[ WARNING ] /tmp/terraform_1689917926.sh에 World Writable 설정이 있습니다.
[ WARNING ] /tmp/terraform_1017699515.sh에 World Writable 설정이 있습니다.
[ WARNING ] /tmp/terraform_156734699.sh에 World Writable 설정이 있습니다.
[ WARNING ] /tmp/terraform_995189148.sh에 World Writable 설정이 있습니다.
[ WARNING ] /tmp/terraform_492884567.sh에 World Writable 설정이 있습니다.
[ WARNING ] /tmp/terraform_895506734.sh에 World Writable 설정이 있습니다.
[ WARNING ] /tmp/terraform_1129582391.sh에 World Writable 설정이 있습니다.
[ WARNING ] /tmp/terraform_1883764053.sh에 World Writable 설정이 있습니다.
[ WARNING ] /tmp/terraform_1076448099.sh에 World Writable 설정이 있습니다.
[ WARNING ] /tmp/terraform_391241413.sh에 World Writable 설정이 있습니다.
[ WARNING ] /tmp/terraform_1216161963.sh에 World Writable 설정이 있습니다.
[ WARNING ] /tmp/terraform_1216164971.sh에 World Writable 설정이 있습니다.
[ WARNING ] /tmp/terraform_417018819.sh에 World Writable 설정이 있습니다.
[ WARNING ] /tmp/terraform_1648783616.sh에 World Writable 설정이 있습니다.
[ WARNING ] /tmp/terraform_1692477487.sh에 World Writable 설정이 있습니다.
[ WARNING ] /tmp/terraform_960093870.sh에 World Writable 설정이 있습니다.
[ WARNING ] /tmp/terraform_2076901130.sh에 World Writable 설정이 있습니다.
[ WARNING ] /tmp/terraform_500821817.sh에 World Writable 설정이 있습니다.
[ WARNING ] /tmp/terraform_1857344494.sh에 World Writable 설정이 있습니다.
[ WARNING ] /tmp/terraform_373149976.sh에 World Writable 설정이 있습니다.
[ WARNING ] /tmp/terraform_805963837.sh에 World Writable 설정이 있습니다.
[ WARNING ] /tmp/terraform_1951702085.sh에 World Writable 설정이 있습니다.
[ WARNING ] /tmp/terraform_1304679498.sh에 World Writable 설정이 있습니다.
[ WARNING ] /tmp/terraform_189352842.sh에 World Writable 설정이 있습니다.
[ WARNING ] /tmp/terraform_914473779.sh에 World Writable 설정이 있습니다.
[ WARNING ] /tmp/terraform_1626564105.sh에 World Writable 설정이 있습니다.
[ WARNING ] /tmp/terraform_25232900.sh에 World Writable 설정이 있습니다.
[ WARNING ] /tmp/terraform_682845637.sh에 World Writable 설정이 있습니다.
[ WARNING ] /tmp/terraform_84902036.sh에 World Writable 설정이 있습니다.
[ WARNING ] /tmp/terraform_1632765814.sh에 World Writable 설정이 있습니다.
[ WARNING ] /tmp/terraform_939025351.sh에 World Writable 설정이 있습니다.
[ WARNING ] /tmp/terraform_49523345.sh에 World Writable 설정이 있습니다.
[ WARNING ] /tmp/terraform_1751018365.sh에 World Writable 설정이 있습니다.
[ WARNING ] /tmp/terraform_766962379.sh에 World Writable 설정이 있습니다.
[ WARNING ] /tmp/terraform_1582391731.sh에 World Writable 설정이 있습니다.
[ WARNING ] /tmp/terraform_1261559345.sh에 World Writable 설정이 있습니다.
[ WARNING ] /tmp/terraform_2026136379.sh에 World Writable 설정이 있습니다.
[ WARNING ] /tmp/terraform_1102246269.sh에 World Writable 설정이 있습니다.
[ WARNING ] /tmp/terraform_763515777.sh에 World Writable 설정이 있습니다.
[ WARNING ] /tmp/terraform_528029262.sh에 World Writable 설정이 있습니다.
[ WARNING ] /tmp/terraform_1759572358.sh에 World Writable 설정이 있습니다.
[ WARNING ] /tmp/terraform_2024755680.sh에 World Writable 설정이 있습니다.
[ WARNING ] /tmp/terraform_1949949478.sh에 World Writable 설정이 있습니다.
[ WARNING ] /tmp/terraform_887068714.sh에 World Writable 설정이 있습니다.
[ WARNING ] /tmp/terraform_1971716547.sh에 World Writable 설정이 있습니다.
[ WARNING ] /tmp/terraform_975598693.sh에 World Writable 설정이 있습니다.
[ WARNING ] /tmp/terraform_426405574.sh에 World Writable 설정이 있습니다.
[ WARNING ] /tmp/terraform_93348266.sh에 World Writable 설정이 있습니다.
[ WARNING ] /tmp/terraform_734216506.sh에 World Writable 설정이 있습니다.
[ WARNING ] /tmp/terraform_94920139.sh에 World Writable 설정이 있습니다.
[ WARNING ] /tmp/terraform_722166451.sh에 World Writable 설정이 있습니다.
[ WARNING ] /tmp/terraform_182161980.sh에 World Writable 설정이 있습니다.
[ WARNING ] /tmp/terraform_1724545186.sh에 World Writable 설정이 있습니다.
[ WARNING ] /tmp/terraform_1615304375.sh에 World Writable 설정이 있습니다.
[ WARNING ] /tmp/terraform_271310704.sh에 World Writable 설정이 있습니다.
[ WARNING ] /tmp/terraform_1523364674.sh에 World Writable 설정이 있습니다.
[ WARNING ] /tmp/terraform_2109665660.sh에 World Writable 설정이 있습니다.
[ WARNING ] /tmp/terraform_1265028250.sh에 World Writable 설정이 있습니다.
[ WARNING ] /tmp/terraform_1222450053.sh에 World Writable 설정이 있습니다.
[ WARNING ] /tmp/terraform_1608595430.sh에 World Writable 설정이 있습니다.
[ WARNING ] /tmp/terraform_434782960.sh에 World Writable 설정이 있습니다.
[ WARNING ] /tmp/terraform_1289232530.sh에 World Writable 설정이 있습니다.
[ WARNING ] /tmp/terraform_925545545.sh에 World Writable 설정이 있습니다.
[ WARNING ] /tmp/terraform_675717496.sh에 World Writable 설정이 있습니다.
[ WARNING ] /tmp/terraform_1948772152.sh에 World Writable 설정이 있습니다.
[ WARNING ] /tmp/terraform_1857621131.sh에 World Writable 설정이 있습니다.
[ WARNING ] /tmp/terraform_1294396746.sh에 World Writable 설정이 있습니다.
[ WARNING ] /tmp/terraform_950454176.sh에 World Writable 설정이 있습니다.
[ WARNING ] /tmp/terraform_991473073.sh에 World Writable 설정이 있습니다.
[ WARNING ] /tmp/terraform_419704555.sh에 World Writable 설정이 있습니다.
[ WARNING ] /tmp/terraform_36409235.sh에 World Writable 설정이 있습니다.
[ WARNING ] /tmp/terraform_1288787152.sh에 World Writable 설정이 있습니다.
[ WARNING ] /tmp/terraform_859847885.sh에 World Writable 설정이 있습니다.
[ WARNING ] /tmp/terraform_1985197665.sh에 World Writable 설정이 있습니다.
[ WARNING ] /tmp/terraform_139867243.sh에 World Writable 설정이 있습니다.
[ WARNING ] /tmp/terraform_1515419122.sh에 World Writable 설정이 있습니다.
[ WARNING ] /tmp/terraform_1715423814.sh에 World Writable 설정이 있습니다.
[ WARNING ] /tmp/terraform_220154212.sh에 World Writable 설정이 있습니다.
[ WARNING ] /tmp/terraform_943877078.sh에 World Writable 설정이 있습니다.
[ WARNING ] /tmp/terraform_730170519.sh에 World Writable 설정이 있습니다.
[ WARNING ] /tmp/terraform_300326064.sh에 World Writable 설정이 있습니다.
[ WARNING ] /tmp/terraform_645846093.sh에 World Writable 설정이 있습니다.
[ WARNING ] /tmp/terraform_1954178564.sh에 World Writable 설정이 있습니다.
[ WARNING ] /tmp/terraform_1491696106.sh에 World Writable 설정이 있습니다.
[ WARNING ] /tmp/terraform_676278928.sh에 World Writable 설정이 있습니다.
[ WARNING ] /tmp/terraform_1017821758.sh에 World Writable 설정이 있습니다.
[ WARNING ] /tmp/terraform_778444330.sh에 World Writable 설정이 있습니다.
[ WARNING ] /tmp/terraform_1651871604.sh에 World Writable 설정이 있습니다.
[ WARNING ] /tmp/terraform_347010088.sh에 World Writable 설정이 있습니다.
[ WARNING ] /tmp/terraform_1282108810.sh에 World Writable 설정이 있습니다.
[ WARNING ] /tmp/terraform_794374047.sh에 World Writable 설정이 있습니다.
[ WARNING ] /tmp/terraform_995965285.sh에 World Writable 설정이 있습니다.
[ WARNING ] /tmp/terraform_1744878317.sh에 World Writable 설정이 있습니다.
[ WARNING ] /tmp/terraform_1491915600.sh에 World Writable 설정이 있습니다.
[ WARNING ] /tmp/terraform_2085425787.sh에 World Writable 설정이 있습니다.
[ WARNING ] /tmp/terraform_1114690702.sh에 World Writable 설정이 있습니다.
[ WARNING ] /tmp/terraform_1408799771.sh에 World Writable 설정이 있습니다.
[ WARNING ] /tmp/terraform_1119716600.sh에 World Writable 설정이 있습니다.
[ WARNING ] /tmp/terraform_1624438982.sh에 World Writable 설정이 있습니다.
[ WARNING ] /tmp/terraform_1069616979.sh에 World Writable 설정이 있습니다.
[ WARNING ] /tmp/terraform_410874658.sh에 World Writable 설정이 있습니다.
[ WARNING ] /tmp/terraform_771493003.sh에 World Writable 설정이 있습니다.
[ WARNING ] /tmp/terraform_1502584422.sh에 World Writable 설정이 있습니다.
[ WARNING ] /tmp/terraform_1987647686.sh에 World Writable 설정이 있습니다.
[ WARNING ] /tmp/terraform_1148609578.sh에 World Writable 설정이 있습니다.
[ WARNING ] /tmp/terraform_1328524645.sh에 World Writable 설정이 있습니다.
[ WARNING ] /tmp/terraform_99958916.sh에 World Writable 설정이 있습니다.

--------------------------------------------------
[ U-26 ] /dev 내 불필요한 Device 파일 점검 (중요도: 상)
--------------------------------------------------
[ SAFE ] 점검 결과 : 안전

--------------------------------------------------
[ U-27 ] $HOME/.rhosts, hosts.equiv 사용 금지 (중요도: 상)
--------------------------------------------------
[ SAFE ] 점검 결과 : 안전

--------------------------------------------------
[ U-28 ] 접속 IP 및 포트 접근 제한 설정 (중요도: 상)
--------------------------------------------------
[ SAFE ] 점검 결과 : 사용자 정의

--------------------------------------------------
[ U-29 ] hosts.lpd 파일 소유자 및 권한 설정 (중요도: 하)
--------------------------------------------------
[ SAFE ] 점검 결과 : 안전

--------------------------------------------------
[ U-30 ] UMASK 설정 관리 (중요도: 중)
--------------------------------------------------
[ SAFE ] 점검 결과 : 안전

--------------------------------------------------
[ U-31 ] 홈 디렉터리 소유자 및 권한 설정 (중요도: 중)
--------------------------------------------------
[ SAFE ] 점검 결과 : 안전

--------------------------------------------------
[ U-32 ] 홈 디렉터리로 지정된 디렉터리 존재 여부 관리 (중요도: 중)
--------------------------------------------------
[ SAFE ] 점검 결과 : 안전

--------------------------------------------------
[ U-33 ] 숨겨진 파일 및 디렉터리 검색 및 제거 (중요도: 하)
--------------------------------------------------
[ SAFE ] 점검 결과 : 사용자 정의
